<?xml version="1.0" encoding="UTF-8" ?>
<testsuite tests="19" failures="0" name="ch.heigvd.amt.gamification.spec.SpecificationTest" time="0.764" errors="6" skipped="9">
  <properties>
[...]
</properties>
  <testcase classname="Scenario: Register a new application" name="Given I have an application payload" time="0"/>
  <testcase classname="Scenario: Register a new application" name="When I POST it to the \/registrations endpoint" time="0.002">
    <error message="Method Not Allowed" type="ch.heigvd.gamification.ApiException">ch.heigvd.gamification.ApiException: Method Not Allowed
	at ch.heigvd.gamification.ApiClient.handleResponse(ApiClient.java:1058)
	at ch.heigvd.gamification.ApiClient.execute(ApiClient.java:981)
	at ch.heigvd.gamification.ApiClient.execute(ApiClient.java:964)
	at ch.heigvd.gamification.api.DefaultApi.registrationsPostWithHttpInfo(DefaultApi.java:233)
	at ch.heigvd.gamification.api.DefaultApi.registrationsPost(DefaultApi.java:221)
	at ch.heigvd.amt.gamification.spec.steps.ApplicationSteps.i_POST_it_to_the_registrations_endpoint(ApplicationSteps.java:36)
	at ✽.When I POST it to the /registrations endpoint(scenario.feature:5)
</error>
  </testcase>
  <testcase classname="Scenario: Register a new application" name="Scenario: Register a new application" time="0.002">
    <error message="Method Not Allowed" type="ch.heigvd.gamification.ApiException">ch.heigvd.gamification.ApiException: Method Not Allowed
	at ch.heigvd.gamification.ApiClient.handleResponse(ApiClient.java:1058)
	at ch.heigvd.gamification.ApiClient.execute(ApiClient.java:981)
	at ch.heigvd.gamification.ApiClient.execute(ApiClient.java:964)
	at ch.heigvd.gamification.api.DefaultApi.registrationsPostWithHttpInfo(DefaultApi.java:233)
	at ch.heigvd.gamification.api.DefaultApi.registrationsPost(DefaultApi.java:221)
	at ch.heigvd.amt.gamification.spec.steps.ApplicationSteps.i_POST_it_to_the_registrations_endpoint(ApplicationSteps.java:36)
	at ✽.When I POST it to the /registrations endpoint(scenario.feature:5)
</error>
  </testcase>
  <testcase classname="Scenario: Register a new application" name="Then I receive a 201 status code" time="0.003">
    <skipped/>
  </testcase>
  <testcase classname="Scenario: Check that the application has been registered" name="Given I have an application payload" time="0"/>
  <testcase classname="Scenario: Check that the application has been registered" name="When I POST it to the \/registrations endpoint" time="0">
    <error message="Method Not Allowed" type="ch.heigvd.gamification.ApiException">ch.heigvd.gamification.ApiException: Method Not Allowed
	at ch.heigvd.gamification.ApiClient.handleResponse(ApiClient.java:1058)
	at ch.heigvd.gamification.ApiClient.execute(ApiClient.java:981)
	at ch.heigvd.gamification.ApiClient.execute(ApiClient.java:964)
	at ch.heigvd.gamification.api.DefaultApi.registrationsPostWithHttpInfo(DefaultApi.java:233)
	at ch.heigvd.gamification.api.DefaultApi.registrationsPost(DefaultApi.java:221)
	at ch.heigvd.amt.gamification.spec.steps.ApplicationSteps.i_POST_it_to_the_registrations_endpoint(ApplicationSteps.java:36)
	at ✽.When I POST it to the /registrations endpoint(scenario.feature:10)
</error>
  </testcase>
  <testcase classname="Scenario: Check that the application has been registered" name="Scenario: Check that the application has been registered" time="0">
    <error message="Method Not Allowed" type="ch.heigvd.gamification.ApiException">ch.heigvd.gamification.ApiException: Method Not Allowed
	at ch.heigvd.gamification.ApiClient.handleResponse(ApiClient.java:1058)
	at ch.heigvd.gamification.ApiClient.execute(ApiClient.java:981)
	at ch.heigvd.gamification.ApiClient.execute(ApiClient.java:964)
	at ch.heigvd.gamification.api.DefaultApi.registrationsPostWithHttpInfo(DefaultApi.java:233)
	at ch.heigvd.gamification.api.DefaultApi.registrationsPost(DefaultApi.java:221)
	at ch.heigvd.amt.gamification.spec.steps.ApplicationSteps.i_POST_it_to_the_registrations_endpoint(ApplicationSteps.java:36)
	at ✽.When I POST it to the /registrations endpoint(scenario.feature:10)
</error>
  </testcase>
  <testcase classname="Scenario: Check that the application has been registered" name="And I ask for a list of registered apps with a GET on the \/registrations endpoint" time="0.001">
    <skipped/>
  </testcase>
  <testcase classname="Scenario: Check that the application has been registered" name="Then I see my app in the list" time="0.002">
    <skipped/>
  </testcase>
  <testcase classname="Scenario: Check that it is not possible to create two apps with the same name" name="Given I have an application payload" time="0"/>
  <testcase classname="Scenario: Check that it is not possible to create two apps with the same name" name="When I POST it to the \/registrations endpoint" time="0">
    <error message="Method Not Allowed" type="ch.heigvd.gamification.ApiException">ch.heigvd.gamification.ApiException: Method Not Allowed
	at ch.heigvd.gamification.ApiClient.handleResponse(ApiClient.java:1058)
	at ch.heigvd.gamification.ApiClient.execute(ApiClient.java:981)
	at ch.heigvd.gamification.ApiClient.execute(ApiClient.java:964)
	at ch.heigvd.gamification.api.DefaultApi.registrationsPostWithHttpInfo(DefaultApi.java:233)
	at ch.heigvd.gamification.api.DefaultApi.registrationsPost(DefaultApi.java:221)
	at ch.heigvd.amt.gamification.spec.steps.ApplicationSteps.i_POST_it_to_the_registrations_endpoint(ApplicationSteps.java:36)
	at ✽.When I POST it to the /registrations endpoint(scenario.feature:16)
</error>
  </testcase>
  <testcase classname="Scenario: Check that it is not possible to create two apps with the same name" name="Scenario: Check that it is not possible to create two apps with the same name" time="0">
    <error message="Method Not Allowed" type="ch.heigvd.gamification.ApiException">ch.heigvd.gamification.ApiException: Method Not Allowed
	at ch.heigvd.gamification.ApiClient.handleResponse(ApiClient.java:1058)
	at ch.heigvd.gamification.ApiClient.execute(ApiClient.java:981)
	at ch.heigvd.gamification.ApiClient.execute(ApiClient.java:964)
	at ch.heigvd.gamification.api.DefaultApi.registrationsPostWithHttpInfo(DefaultApi.java:233)
	at ch.heigvd.gamification.api.DefaultApi.registrationsPost(DefaultApi.java:221)
	at ch.heigvd.amt.gamification.spec.steps.ApplicationSteps.i_POST_it_to_the_registrations_endpoint(ApplicationSteps.java:36)
	at ✽.When I POST it to the /registrations endpoint(scenario.feature:16)
</error>
  </testcase>
  <testcase classname="Scenario: Check that it is not possible to create two apps with the same name" name="And I POST it to the \/registrations endpoint" time="0">
    <skipped/>
  </testcase>
  <testcase classname="Scenario: Check that it is not possible to create two apps with the same name" name="Then I receive a 422 status code" time="0.001">
    <skipped/>
  </testcase>
  <testcase classname="Scenario: Delete an application" name="Given I know the name of an application" time="0.003">
    <skipped/>
  </testcase>
  <testcase classname="Scenario: Delete an application" name="When I send a DELETE on the \/registrations endpoint" time="0.004">
    <skipped/>
  </testcase>
  <testcase classname="Scenario: Delete an application" name="Then I receive a 200 status code" time="0.004">
    <skipped/>
  </testcase>
  <testcase classname="Scenario: Delete an application" name="Scenario: Delete an application" time="0.004">
    <skipped/>
  </testcase>
  <testcase classname="Scenario: Delete an application" name="Scenario: Delete an application" time="0.004"/>
</testsuite>