<?xml version="1.0" encoding="UTF-8" ?>
<testsuite tests="34" failures="2" name="ch.heigvd.amt.gamification.spec.SpecificationTest" time="0.635" errors="0" skipped="19">
  <properties>
[...]
</properties>
  <testcase classname="Scenario: Register a new application" name="Given I have an application payload" time="0"/>
  <testcase classname="Scenario: Register a new application" name="When I POST it to the \/application endpoint" time="0"/>
  <testcase classname="Scenario: Register a new application" name="Then I receive a 200 status code" time="0"/>
  <testcase classname="Scenario: Register a new application" name="Scenario: Register a new application" time="0.001"/>
  <testcase classname="Scenario: Check that the application has been registered" name="Given I have an application payload" time="0"/>
  <testcase classname="Scenario: Check that the application has been registered" name="When I POST it to the \/application endpoint" time="0"/>
  <testcase classname="Scenario: Check that the application has been registered" name="And I ask for a list of registered apps with a GET on the \/application endpoint" time="0.003">
    <skipped/>
  </testcase>
  <testcase classname="Scenario: Check that the application has been registered" name="Then I see my app in the list" time="0.004">
    <skipped/>
  </testcase>
  <testcase classname="Scenario: Check that the application has been registered" name="Scenario: Check that the application has been registered" time="0.004">
    <skipped/>
  </testcase>
  <testcase classname="Scenario: Check that the application has been registered" name="Scenario: Check that the application has been registered" time="0.004"/>
  <testcase classname="Scenario: Check that it is not possible to create two apps with the same name" name="Given I have an application payload" time="0"/>
  <testcase classname="Scenario: Check that it is not possible to create two apps with the same name" name="When I POST it to the \/application endpoint" time="0"/>
  <testcase classname="Scenario: Check that it is not possible to create two apps with the same name" name="And I POST it to the \/application endpoint" time="0"/>
  <testcase classname="Scenario: Check that it is not possible to create two apps with the same name" name="Then I receive a 422 status code" time="0.002">
    <failure message="expected:&lt;422&gt; but was:&lt;200&gt;" type="java.lang.AssertionError">java.lang.AssertionError: expected:&lt;422&gt; but was:&lt;200&gt;
	at org.junit.Assert.fail(Assert.java:88)
	at org.junit.Assert.failNotEquals(Assert.java:834)
	at org.junit.Assert.assertEquals(Assert.java:645)
	at org.junit.Assert.assertEquals(Assert.java:631)
	at ch.heigvd.amt.gamification.spec.steps.ApplicationSteps.i_receive_a_status_code(ApplicationSteps.java:41)
	at ✽.Then I receive a 422 status code(application_registration.feature:18)
</failure>
  </testcase>
  <testcase classname="Scenario: Check that it is not possible to create two apps with the same name" name="Scenario: Check that it is not possible to create two apps with the same name" time="0.002">
    <failure message="expected:&lt;422&gt; but was:&lt;200&gt;" type="java.lang.AssertionError">java.lang.AssertionError: expected:&lt;422&gt; but was:&lt;200&gt;
	at org.junit.Assert.fail(Assert.java:88)
	at org.junit.Assert.failNotEquals(Assert.java:834)
	at org.junit.Assert.assertEquals(Assert.java:645)
	at org.junit.Assert.assertEquals(Assert.java:631)
	at ch.heigvd.amt.gamification.spec.steps.ApplicationSteps.i_receive_a_status_code(ApplicationSteps.java:41)
	at ✽.Then I receive a 422 status code(application_registration.feature:18)
</failure>
  </testcase>
  <testcase classname="Scenario: register a badge for the gamified application" name="Given I have an badge payload" time="0.001">
    <skipped/>
  </testcase>
  <testcase classname="Scenario: register a badge for the gamified application" name="When I POST it to the \/badges endpoint" time="0.002">
    <skipped/>
  </testcase>
  <testcase classname="Scenario: register a badge for the gamified application" name="Then I receive a 200 status code" time="0.002">
    <skipped/>
  </testcase>
  <testcase classname="Scenario: register a badge for the gamified application" name="Scenario: register a badge for the gamified application" time="0.002">
    <skipped/>
  </testcase>
  <testcase classname="Scenario: register a badge for the gamified application" name="Scenario: register a badge for the gamified application" time="0.002"/>
  <testcase classname="Scenario: send the first event for a user of the gamified application" name="Given a user U1 of the gamified application A1" time="0.002">
    <skipped/>
  </testcase>
  <testcase classname="Scenario: send the first event for a user of the gamified application" name="When the application A1 POSTs 1 payload for events associated to user U1 on the \/events endpoint" time="0.002">
    <skipped/>
  </testcase>
  <testcase classname="Scenario: send the first event for a user of the gamified application" name="And the application A1 GETs user U1 from the \/users\/ endpoint" time="0.003">
    <skipped/>
  </testcase>
  <testcase classname="Scenario: send the first event for a user of the gamified application" name="Then it receives a 200 status code" time="0.003">
    <skipped/>
  </testcase>
  <testcase classname="Scenario: send the first event for a user of the gamified application" name="And the payload in the response has a property numberOfEvents with a value of 1" time="0.004">
    <skipped/>
  </testcase>
  <testcase classname="Scenario: send the first event for a user of the gamified application" name="Scenario: send the first event for a user of the gamified application" time="0.004">
    <skipped/>
  </testcase>
  <testcase classname="Scenario: send the first event for a user of the gamified application" name="Scenario: send the first event for a user of the gamified application" time="0.004"/>
  <testcase classname="Scenario: send the first 2 events for a user of the gamified application" name="Given a user U1 of the gamified application A1" time="0.002">
    <skipped/>
  </testcase>
  <testcase classname="Scenario: send the first 2 events for a user of the gamified application" name="When the application A1 POSTs 2 payloads for events associated to user U1 on the \/events endpoint" time="0.003">
    <skipped/>
  </testcase>
  <testcase classname="Scenario: send the first 2 events for a user of the gamified application" name="And the application A1 GETs user U1 from the \/users\/ endpoint" time="0.003">
    <skipped/>
  </testcase>
  <testcase classname="Scenario: send the first 2 events for a user of the gamified application" name="Then it receives a 200 status code" time="0.003">
    <skipped/>
  </testcase>
  <testcase classname="Scenario: send the first 2 events for a user of the gamified application" name="And the payload in the response has a property numberOfEvents with a value of 2" time="0.004">
    <skipped/>
  </testcase>
  <testcase classname="Scenario: send the first 2 events for a user of the gamified application" name="Scenario: send the first 2 events for a user of the gamified application" time="0.004">
    <skipped/>
  </testcase>
  <testcase classname="Scenario: send the first 2 events for a user of the gamified application" name="Scenario: send the first 2 events for a user of the gamified application" time="0.004"/>
</testsuite>